<?xml version="1.0" encoding="UTF-8"?>
<!-- Generated by org.testng.reporters.JUnitReportReporter -->
<testsuite name="test.LoginTest" tests="1" time="5.806" ignored="0" failures="0" timestamp="16 Aug 2023 12:07:32 GMT" skipped="0" hostname="LAPTOP-SL7226UU" errors="0">
  <testcase name="verifyLoginSuccess" time="5.806" classname="test.LoginTest"/>
</testsuite> <!-- test.LoginTest -->
